[INFO ] 2025-06-13 15:32:28.956 [main] CitySwitch - Extent Reports initialized successfully.
[INFO ] 2025-06-13 15:32:28.988 [main] CitySwitch - ******************************************************************************************
[INFO ] 2025-06-13 15:32:29.001 [main] CitySwitch -                       Executing Test Cases of the Class: HomePageElementsTest
[INFO ] 2025-06-13 15:32:29.002 [main] CitySwitch - ******************************************************************************************
[INFO ] 2025-06-13 15:32:40.203 [main] HomePage - -----------------------------------------------------------------------------------------------
[INFO ] 2025-06-13 15:32:40.212 [main] HomePage - The user is not logged in into the website
[INFO ] 2025-06-13 15:32:40.212 [main] HomePage - Entering Username
[INFO ] 2025-06-13 15:32:40.381 [main] HomePage - Entered username: afcsdemo@gmail.com
[INFO ] 2025-06-13 15:32:47.088 [main] HomePage - -->Executing test method: This method is testing if all the menu options are enabled
[INFO ] 2025-06-13 15:32:47.089 [main] HomePage - The menu options check is been started
[INFO ] 2025-06-13 15:32:47.090 [main] HomePage - Getting all the menu options
[ERROR] 2025-06-13 15:33:00.575 [main] HomePage - -->Timeout Waiting for Element: //ul[contains(@class, 'nav-tabs') and contains(@class, 'nav-items-group')]//li | Message: Expected condition failed: waiting for visibility of element located by By.xpath: //ul[contains(@class, 'nav-tabs') and contains(@class, 'nav-items-group')]//li (tried for 5 second(s) with 500 milliseconds interval)
Build info: version: '4.27.0', revision: 'd6e718d134'
System info: os.name: 'Windows 11', os.arch: 'amd64', os.version: '10.0', java.version: '17.0.12'
Driver info: org.openqa.selenium.chrome.ChromeDriver
Capabilities {acceptInsecureCerts: false, browserName: chrome, browserVersion: 137.0.7151.70, chrome: {chromedriverVersion: 137.0.7151.70 (dfa4dc56b2ab..., userDataDir: C:\Users\UNTHIN~1\AppData\L...}, fedcm:accounts: true, goog:chromeOptions: {debuggerAddress: localhost:58887}, networkConnectionEnabled: false, pageLoadStrategy: normal, platformName: windows, proxy: Proxy(), se:cdp: ws://localhost:58887/devtoo..., se:cdpVersion: 137.0.7151.70, setWindowRect: true, strictFileInteractability: false, timeouts: {implicit: 0, pageLoad: 300000, script: 30000}, unhandledPromptBehavior: dismiss and notify, webauthn:extension:credBlob: true, webauthn:extension:largeBlob: true, webauthn:extension:minPinLength: true, webauthn:extension:prf: true, webauthn:virtualAuthenticators: true}
Session ID: 985b889a4563b59793dda46e174dcae1
[INFO ] 2025-06-13 15:33:00.576 [main] HomePage - All menu items are enabled
[INFO ] 2025-06-13 15:33:00.577 [main] HomePage - The menu options check is been stopped
[INFO ] 2025-06-13 15:33:00.582 [main] RetryAnalyzer - -->Successfully passed test method: menuOptionsEnable
[INFO ] 2025-06-13 15:33:00.931 [main] RetryAnalyzer - -----------------------------------------------------------------------------------------------
[INFO ] 2025-06-13 15:33:03.135 [main] HomePage - -----------------------------------------------------------------------------------------------
[INFO ] 2025-06-13 15:33:03.158 [main] HomePage - -->Executing test method: This method is testing if all the menu options are redirecting to the correct page
[INFO ] 2025-06-13 15:33:03.159 [main] HomePage - -->Skipped test method: checkRedirectionOfAllPages
[INFO ] 2025-06-13 15:33:03.265 [main] HomePage - -->Executing test method: This method is testing the city and depot switching
[INFO ] 2025-06-13 15:33:03.266 [main] HomePage - -->Skipped test method: switchCity
